<?xml version="1.0" encoding="UTF-8"?>
<!-- Generated by org.testng.reporters.JUnitReportReporter -->
<testsuite skipped="4" hostname="LPT1447" name="pk_OrangeHRM.Cross_Browser_Testing" tests="9" failures="0" timestamp="09 Jun 2022 10:29:30 GMT" time="27.518" errors="1">
  <testcase name="OrangeHRM_Login" time="0.000" classname="pk_OrangeHRM.Cross_Browser_Testing">
    <skipped/>
  </testcase> <!-- OrangeHRM_Login -->
  <testcase name="OrangeHRM_Login" time="5.000" classname="pk_OrangeHRM.Cross_Browser_Testing"/>
  <testcase name="OrangeHRM_Login" time="3.810" classname="pk_OrangeHRM.Cross_Browser_Testing"/>
  <testcase name="OrangeHRM_Login" time="0.001" classname="pk_OrangeHRM.Cross_Browser_Testing">
    <skipped/>
  </testcase> <!-- OrangeHRM_Login -->
  <testcase name="OrangeHRM_Login" time="0.000" classname="pk_OrangeHRM.Cross_Browser_Testing">
    <skipped/>
  </testcase> <!-- OrangeHRM_Login -->
  <testcase name="OrangeHRM_Login" time="9.235" classname="pk_OrangeHRM.Cross_Browser_Testing"/>
  <testcase name="LaunchBrowser" time="5.609" classname="pk_OrangeHRM.Cross_Browser_Testing">
    <error type="org.openqa.selenium.SessionNotCreatedException" message="Could not start a new session. Response code 500. Message: unknown error: cannot find msedge binary
Build info: version: &#039;4.1.0&#039;, revision: &#039;87802e897b&#039;
System info: host: &#039;LPT1447&#039;, ip: &#039;192.168.0.105&#039;, os.name: &#039;Windows 10&#039;, os.arch: &#039;amd64&#039;, os.version: &#039;10.0&#039;, java.version: &#039;1.8.0_333&#039;
Driver info: org.openqa.selenium.edge.EdgeDriver
Command: [null, newSession {capabilities=[Capabilities {browserName: MicrosoftEdge, ms:edgeOptions: {args: [], extensions: []}}], desiredCapabilities=Capabilities {browserName: MicrosoftEdge, ms:edgeOptions: {args: [], extensions: []}}}]">
      <![CDATA[org.openqa.selenium.SessionNotCreatedException: Could not start a new session. Response code 500. Message: unknown error: cannot find msedge binary
Build info: version: '4.1.0', revision: '87802e897b'
System info: host: 'LPT1447', ip: '192.168.0.105', os.name: 'Windows 10', os.arch: 'amd64', os.version: '10.0', java.version: '1.8.0_333'
Driver info: org.openqa.selenium.edge.EdgeDriver
Command: [null, newSession {capabilities=[Capabilities {browserName: MicrosoftEdge, ms:edgeOptions: {args: [], extensions: []}}], desiredCapabilities=Capabilities {browserName: MicrosoftEdge, ms:edgeOptions: {args: [], extensions: []}}}]
	at org.openqa.selenium.remote.ProtocolHandshake.createSession(ProtocolHandshake.java:126)
	at org.openqa.selenium.remote.ProtocolHandshake.createSession(ProtocolHandshake.java:84)
	at org.openqa.selenium.remote.ProtocolHandshake.createSession(ProtocolHandshake.java:62)
	at org.openqa.selenium.remote.HttpCommandExecutor.execute(HttpCommandExecutor.java:156)
	at org.openqa.selenium.remote.service.DriverCommandExecutor.invokeExecute(DriverCommandExecutor.java:164)
	at org.openqa.selenium.remote.service.DriverCommandExecutor.execute(DriverCommandExecutor.java:139)
	at org.openqa.selenium.remote.RemoteWebDriver.execute(RemoteWebDriver.java:559)
	at org.openqa.selenium.remote.RemoteWebDriver.startSession(RemoteWebDriver.java:246)
	at org.openqa.selenium.remote.RemoteWebDriver.<init>(RemoteWebDriver.java:168)
	at org.openqa.selenium.chromium.ChromiumDriver.<init>(ChromiumDriver.java:108)
	at org.openqa.selenium.edge.EdgeDriver.<init>(EdgeDriver.java:49)
	at org.openqa.selenium.edge.EdgeDriver.<init>(EdgeDriver.java:41)
	at org.openqa.selenium.edge.EdgeDriver.<init>(EdgeDriver.java:38)
	at pk_OrangeHRM.Cross_Browser_Testing.LaunchBrowser(Cross_Browser_Testing.java:44)
	at sun.reflect.NativeMethodAccessorImpl.invoke0(Native Method)
	at sun.reflect.NativeMethodAccessorImpl.invoke(Unknown Source)
	at sun.reflect.DelegatingMethodAccessorImpl.invoke(Unknown Source)
	at java.lang.reflect.Method.invoke(Unknown Source)
	at org.testng.internal.MethodInvocationHelper.invokeMethod(MethodInvocationHelper.java:108)
	at org.testng.internal.Invoker.invokeConfigurationMethod(Invoker.java:523)
	at org.testng.internal.Invoker.invokeConfigurations(Invoker.java:224)
	at org.testng.internal.Invoker.invokeConfigurations(Invoker.java:146)
	at org.testng.TestRunner.beforeRun(TestRunner.java:626)
	at org.testng.TestRunner.run(TestRunner.java:594)
	at org.testng.SuiteRunner.runTest(SuiteRunner.java:380)
	at org.testng.SuiteRunner.access$000(SuiteRunner.java:39)
	at org.testng.SuiteRunner$SuiteWorker.run(SuiteRunner.java:414)
	at org.testng.internal.thread.ThreadUtil$1.call(ThreadUtil.java:52)
	at java.util.concurrent.FutureTask.run(Unknown Source)
	at java.util.concurrent.ThreadPoolExecutor.runWorker(Unknown Source)
	at java.util.concurrent.ThreadPoolExecutor$Worker.run(Unknown Source)
	at java.lang.Thread.run(Unknown Source)
]]>
    </error>
  </testcase> <!-- LaunchBrowser -->
  <testcase name="OrangeHRM_Login" time="0.000" classname="pk_OrangeHRM.Cross_Browser_Testing">
    <skipped/>
  </testcase> <!-- OrangeHRM_Login -->
  <testcase name="OrangeHRM_Login" time="3.863" classname="pk_OrangeHRM.Cross_Browser_Testing"/>
</testsuite> <!-- pk_OrangeHRM.Cross_Browser_Testing -->
